2023-03-26 10:20:47,783 [Worker-5: Loading available Gradle versions] INFO  o.e.b.c.i.u.g.PublishedGradleVersions - Gradle version information cache is up-to-date. Trying to read.
2023-03-26 10:34:58,137 [Worker-6: Import Getting Started Content] INFO  o.e.m.c.i.l.LifecycleMappingFactory - Using org.eclipse.m2e.jdt.JarLifecycleMapping lifecycle mapping for MavenProject: com.masai:Problem3:0.0.1-SNAPSHOT @ F:\neweepo\neha_brijesh_jaiswal_fw21_0984\unit-6\sprint-4\day-2\you\Problem3\pom.xml.
2023-03-26 10:35:01,529 [Worker-6: Import Getting Started Content] INFO  o.e.m.j.i.AbstractJavaProjectConfigurator - Adding source folder /Problem3/src/main/java
2023-03-26 10:35:01,530 [Worker-6: Import Getting Started Content] INFO  o.e.m.j.i.AbstractJavaProjectConfigurator - Adding resource folder /Problem3/src/main/resources
2023-03-26 10:35:01,803 [Worker-6: Import Getting Started Content] INFO  o.e.m.j.i.AbstractJavaProjectConfigurator - Adding resource folder /Problem3/src/main/resources
2023-03-26 10:35:01,843 [Worker-6: Import Getting Started Content] INFO  o.e.m.j.i.AbstractJavaProjectConfigurator - Adding source folder /Problem3/src/test/java
2023-03-26 10:35:05,419 [Worker-6: Import Getting Started Content] INFO  o.e.m.c.i.p.ProjectConfigurationManager - Imported and configured 1 project(s) in 14 sec
2023-03-26 10:35:05,430 [Worker-6: Import Getting Started Content] INFO  o.e.m.c.i.p.ProjectConfigurationManager - Update started
2023-03-26 10:35:06,300 [Worker-6: Import Getting Started Content] INFO  o.e.m.c.i.l.LifecycleMappingFactory - Using org.eclipse.m2e.jdt.JarLifecycleMapping lifecycle mapping for MavenProject: com.masai:Problem3:0.0.1-SNAPSHOT @ F:\neweepo\neha_brijesh_jaiswal_fw21_0984\unit-6\sprint-4\day-2\you\Problem3\pom.xml.
2023-03-26 10:35:07,419 [Worker-6: Import Getting Started Content] INFO  o.e.m.j.i.AbstractJavaProjectConfigurator - Adding source folder /Problem3/src/main/java
2023-03-26 10:35:07,419 [Worker-6: Import Getting Started Content] INFO  o.e.m.j.i.AbstractJavaProjectConfigurator - Adding resource folder /Problem3/src/main/resources
2023-03-26 10:35:07,420 [Worker-6: Import Getting Started Content] INFO  o.e.m.j.i.AbstractJavaProjectConfigurator - Adding resource folder /Problem3/src/main/resources
2023-03-26 10:35:07,421 [Worker-6: Import Getting Started Content] INFO  o.e.m.j.i.AbstractJavaProjectConfigurator - Adding source folder /Problem3/src/test/java
2023-03-26 10:35:08,244 [Worker-6: Import Getting Started Content] INFO  o.e.m.c.i.p.ProjectConfigurationManager - Update completed for 1 poms: local refresh takes 0.00 sec, refresh facades takes 1.00 sec, update config takes 0.00 sec 
2023-03-26 10:36:00,250 [Worker-12: Import Getting Started Content] INFO  o.e.m.c.i.l.LifecycleMappingFactory - Using org.eclipse.m2e.jdt.JarLifecycleMapping lifecycle mapping for MavenProject: com.masai:Problems1:0.0.1-SNAPSHOT @ F:\neweepo\neha_brijesh_jaiswal_fw21_0984\unit-6\sprint-4\day-2\you\Problems1\pom.xml.
2023-03-26 10:36:01,063 [Worker-12: Import Getting Started Content] INFO  o.e.m.j.i.AbstractJavaProjectConfigurator - Adding source folder /Problems1/src/main/java
2023-03-26 10:36:01,063 [Worker-12: Import Getting Started Content] INFO  o.e.m.j.i.AbstractJavaProjectConfigurator - Adding resource folder /Problems1/src/main/resources
2023-03-26 10:36:01,069 [Worker-12: Import Getting Started Content] INFO  o.e.m.j.i.AbstractJavaProjectConfigurator - Adding resource folder /Problems1/src/main/resources
2023-03-26 10:36:01,076 [Worker-12: Import Getting Started Content] INFO  o.e.m.j.i.AbstractJavaProjectConfigurator - Adding source folder /Problems1/src/test/java
2023-03-26 10:36:01,914 [Worker-12: Import Getting Started Content] INFO  o.e.m.c.i.p.ProjectConfigurationManager - Imported and configured 1 project(s) in 2 sec
2023-03-26 10:36:01,932 [Worker-12: Import Getting Started Content] INFO  o.e.m.c.i.p.ProjectConfigurationManager - Update started
2023-03-26 10:36:02,406 [Worker-12: Import Getting Started Content] INFO  o.e.m.c.i.l.LifecycleMappingFactory - Using org.eclipse.m2e.jdt.JarLifecycleMapping lifecycle mapping for MavenProject: com.masai:Problems1:0.0.1-SNAPSHOT @ F:\neweepo\neha_brijesh_jaiswal_fw21_0984\unit-6\sprint-4\day-2\you\Problems1\pom.xml.
2023-03-26 10:36:03,520 [Worker-12: Import Getting Started Content] INFO  o.e.m.j.i.AbstractJavaProjectConfigurator - Adding source folder /Problems1/src/main/java
2023-03-26 10:36:03,520 [Worker-12: Import Getting Started Content] INFO  o.e.m.j.i.AbstractJavaProjectConfigurator - Adding resource folder /Problems1/src/main/resources
2023-03-26 10:36:03,520 [Worker-12: Import Getting Started Content] INFO  o.e.m.j.i.AbstractJavaProjectConfigurator - Adding resource folder /Problems1/src/main/resources
2023-03-26 10:36:03,521 [Worker-12: Import Getting Started Content] INFO  o.e.m.j.i.AbstractJavaProjectConfigurator - Adding source folder /Problems1/src/test/java
2023-03-26 10:36:04,882 [Worker-12: Import Getting Started Content] INFO  o.e.m.c.i.p.ProjectConfigurationManager - Update completed for 1 poms: local refresh takes 0.00 sec, refresh facades takes 1.00 sec, update config takes 0.00 sec 
2023-03-26 10:36:32,151 [Worker-16: Import Getting Started Content] INFO  o.e.m.c.i.l.LifecycleMappingFactory - Using org.eclipse.m2e.jdt.JarLifecycleMapping lifecycle mapping for MavenProject: com.masai:Problems2:0.0.1-SNAPSHOT @ F:\neweepo\neha_brijesh_jaiswal_fw21_0984\unit-6\sprint-4\day-2\you\Problems2\pom.xml.
2023-03-26 10:36:33,225 [Worker-16: Import Getting Started Content] INFO  o.e.m.j.i.AbstractJavaProjectConfigurator - Adding source folder /Problems2/src/main/java
2023-03-26 10:36:33,226 [Worker-16: Import Getting Started Content] INFO  o.e.m.j.i.AbstractJavaProjectConfigurator - Adding resource folder /Problems2/src/main/resources
2023-03-26 10:36:33,234 [Worker-16: Import Getting Started Content] INFO  o.e.m.j.i.AbstractJavaProjectConfigurator - Adding resource folder /Problems2/src/main/resources
2023-03-26 10:36:33,241 [Worker-16: Import Getting Started Content] INFO  o.e.m.j.i.AbstractJavaProjectConfigurator - Adding source folder /Problems2/src/test/java
2023-03-26 10:36:34,084 [Worker-16: Import Getting Started Content] INFO  o.e.m.c.i.p.ProjectConfigurationManager - Imported and configured 1 project(s) in 2 sec
2023-03-26 10:36:34,111 [Worker-16: Import Getting Started Content] INFO  o.e.m.c.i.p.ProjectConfigurationManager - Update started
2023-03-26 10:36:34,588 [Worker-16: Import Getting Started Content] INFO  o.e.m.c.i.l.LifecycleMappingFactory - Using org.eclipse.m2e.jdt.JarLifecycleMapping lifecycle mapping for MavenProject: com.masai:Problems2:0.0.1-SNAPSHOT @ F:\neweepo\neha_brijesh_jaiswal_fw21_0984\unit-6\sprint-4\day-2\you\Problems2\pom.xml.
2023-03-26 10:36:35,629 [Worker-16: Import Getting Started Content] INFO  o.e.m.j.i.AbstractJavaProjectConfigurator - Adding source folder /Problems2/src/main/java
2023-03-26 10:36:35,629 [Worker-16: Import Getting Started Content] INFO  o.e.m.j.i.AbstractJavaProjectConfigurator - Adding resource folder /Problems2/src/main/resources
2023-03-26 10:36:35,631 [Worker-16: Import Getting Started Content] INFO  o.e.m.j.i.AbstractJavaProjectConfigurator - Adding resource folder /Problems2/src/main/resources
2023-03-26 10:36:35,632 [Worker-16: Import Getting Started Content] INFO  o.e.m.j.i.AbstractJavaProjectConfigurator - Adding source folder /Problems2/src/test/java
2023-03-26 10:36:36,674 [Worker-16: Import Getting Started Content] INFO  o.e.m.c.i.p.ProjectConfigurationManager - Update completed for 1 poms: local refresh takes 0.00 sec, refresh facades takes 1.00 sec, update config takes 0.00 sec 
2023-03-26 20:41:41,288 [Worker-6: Loading available Gradle versions] INFO  o.e.b.c.i.u.g.PublishedGradleVersions - Gradle version information cache is up-to-date. Trying to read.
2023-03-26 20:44:22,706 [Worker-0: Building] INFO  o.a.m.s.f.DefaultMavenResourcesFiltering - Copying 1 resource
2023-03-26 20:44:22,914 [Worker-0: Building] INFO  o.a.m.s.f.DefaultMavenResourcesFiltering - Copying 0 resource
2023-03-26 20:44:22,941 [Worker-0: Building] INFO  o.a.m.s.f.DefaultMavenResourcesFiltering - skip non existing resourceDirectory F:\neweepo\neha_brijesh_jaiswal_fw21_0984\unit-6\sprint-4\day-2\you\Problems1\src\test\resources
2023-03-26 20:44:45,473 [Worker-3: Building] INFO  o.a.m.s.f.DefaultMavenResourcesFiltering - Copying 1 resource
2023-03-26 20:44:45,823 [Worker-3: Building] INFO  o.a.m.s.f.DefaultMavenResourcesFiltering - Copying 0 resource
2023-03-26 20:44:45,845 [Worker-3: Building] INFO  o.a.m.s.f.DefaultMavenResourcesFiltering - skip non existing resourceDirectory F:\neweepo\neha_brijesh_jaiswal_fw21_0984\unit-6\sprint-4\day-2\you\Problems1\src\test\resources
2023-03-26 20:45:21,579 [Worker-4: Building] INFO  o.a.m.s.f.DefaultMavenResourcesFiltering - Copying 1 resource
2023-03-26 20:45:21,600 [Worker-4: Building] INFO  o.a.m.s.f.DefaultMavenResourcesFiltering - Copying 0 resource
2023-03-26 20:45:21,608 [Worker-4: Building] INFO  o.a.m.s.f.DefaultMavenResourcesFiltering - skip non existing resourceDirectory F:\neweepo\neha_brijesh_jaiswal_fw21_0984\unit-6\sprint-4\day-2\you\Problems1\src\test\resources
2023-03-26 20:45:30,443 [Worker-9: Building] INFO  o.a.m.s.f.DefaultMavenResourcesFiltering - Copying 1 resource
2023-03-26 20:45:30,460 [Worker-9: Building] INFO  o.a.m.s.f.DefaultMavenResourcesFiltering - Copying 0 resource
2023-03-26 20:45:30,477 [Worker-9: Building] INFO  o.a.m.s.f.DefaultMavenResourcesFiltering - skip non existing resourceDirectory F:\neweepo\neha_brijesh_jaiswal_fw21_0984\unit-6\sprint-4\day-2\you\Problems1\src\test\resources
2023-03-26 20:45:55,152 [Worker-10: Building] INFO  o.a.m.s.f.DefaultMavenResourcesFiltering - Copying 1 resource
2023-03-26 20:45:55,265 [Worker-10: Building] INFO  o.a.m.s.f.DefaultMavenResourcesFiltering - Copying 0 resource
2023-03-26 20:45:55,271 [Worker-10: Building] INFO  o.a.m.s.f.DefaultMavenResourcesFiltering - skip non existing resourceDirectory F:\neweepo\neha_brijesh_jaiswal_fw21_0984\unit-6\sprint-4\day-2\you\Problems1\src\test\resources
2023-03-26 20:46:26,287 [Worker-8: Building] INFO  o.a.m.s.f.DefaultMavenResourcesFiltering - Copying 1 resource
2023-03-26 20:46:26,337 [Worker-8: Building] INFO  o.a.m.s.f.DefaultMavenResourcesFiltering - Copying 0 resource
2023-03-26 20:46:26,343 [Worker-8: Building] INFO  o.a.m.s.f.DefaultMavenResourcesFiltering - skip non existing resourceDirectory F:\neweepo\neha_brijesh_jaiswal_fw21_0984\unit-6\sprint-4\day-2\you\Problems1\src\test\resources
2023-03-26 20:53:20,847 [Worker-14: Building] INFO  o.a.m.s.f.DefaultMavenResourcesFiltering - Copying 1 resource
2023-03-26 20:53:21,001 [Worker-14: Building] INFO  o.a.m.s.f.DefaultMavenResourcesFiltering - Copying 0 resource
2023-03-26 20:53:21,010 [Worker-14: Building] INFO  o.a.m.s.f.DefaultMavenResourcesFiltering - skip non existing resourceDirectory F:\neweepo\neha_brijesh_jaiswal_fw21_0984\unit-6\sprint-4\day-2\you\Problems1\src\test\resources
2023-03-26 21:07:34,021 [Worker-27: Building] INFO  o.a.m.s.f.DefaultMavenResourcesFiltering - Copying 1 resource
2023-03-26 21:07:34,188 [Worker-27: Building] INFO  o.a.m.s.f.DefaultMavenResourcesFiltering - Copying 0 resource
2023-03-26 21:07:34,298 [Worker-27: Building] INFO  o.a.m.s.f.DefaultMavenResourcesFiltering - skip non existing resourceDirectory F:\neweepo\neha_brijesh_jaiswal_fw21_0984\unit-6\sprint-4\day-2\you\Problems1\src\test\resources
2023-03-26 21:47:32,255 [Worker-21: Building] INFO  o.a.m.s.f.DefaultMavenResourcesFiltering - Copying 1 resource
2023-03-26 21:47:32,433 [Worker-21: Building] INFO  o.a.m.s.f.DefaultMavenResourcesFiltering - Copying 0 resource
2023-03-26 21:47:32,450 [Worker-21: Building] INFO  o.a.m.s.f.DefaultMavenResourcesFiltering - skip non existing resourceDirectory F:\neweepo\neha_brijesh_jaiswal_fw21_0984\unit-6\sprint-4\day-2\you\Problems1\src\test\resources
2023-03-26 21:53:03,232 [Worker-38: Building] INFO  o.a.m.s.f.DefaultMavenResourcesFiltering - Copying 1 resource
2023-03-26 21:53:03,298 [Worker-38: Building] INFO  o.a.m.s.f.DefaultMavenResourcesFiltering - Copying 0 resource
2023-03-26 21:53:03,307 [Worker-38: Building] INFO  o.a.m.s.f.DefaultMavenResourcesFiltering - skip non existing resourceDirectory F:\neweepo\neha_brijesh_jaiswal_fw21_0984\unit-6\sprint-4\day-2\you\Problems1\src\test\resources
2023-03-26 21:53:32,032 [Worker-39: Building] INFO  o.a.m.s.f.DefaultMavenResourcesFiltering - Copying 1 resource
2023-03-26 21:53:32,255 [Worker-39: Building] INFO  o.a.m.s.f.DefaultMavenResourcesFiltering - Copying 0 resource
2023-03-26 21:53:32,261 [Worker-39: Building] INFO  o.a.m.s.f.DefaultMavenResourcesFiltering - skip non existing resourceDirectory F:\neweepo\neha_brijesh_jaiswal_fw21_0984\unit-6\sprint-4\day-2\you\Problems1\src\test\resources
2023-03-26 21:57:24,857 [Worker-43: Building] INFO  o.a.m.s.f.DefaultMavenResourcesFiltering - Copying 1 resource
2023-03-26 21:57:25,073 [Worker-43: Building] INFO  o.a.m.s.f.DefaultMavenResourcesFiltering - Copying 0 resource
2023-03-26 21:57:25,095 [Worker-43: Building] INFO  o.a.m.s.f.DefaultMavenResourcesFiltering - skip non existing resourceDirectory F:\neweepo\neha_brijesh_jaiswal_fw21_0984\unit-6\sprint-4\day-2\you\Problems1\src\test\resources
2023-03-26 21:59:20,252 [Worker-42: Building] INFO  o.a.m.s.f.DefaultMavenResourcesFiltering - Copying 1 resource
2023-03-26 21:59:20,519 [Worker-42: Building] INFO  o.a.m.s.f.DefaultMavenResourcesFiltering - Copying 0 resource
2023-03-26 21:59:20,539 [Worker-42: Building] INFO  o.a.m.s.f.DefaultMavenResourcesFiltering - skip non existing resourceDirectory F:\neweepo\neha_brijesh_jaiswal_fw21_0984\unit-6\sprint-4\day-2\you\Problems1\src\test\resources
2023-03-26 22:00:39,131 [Worker-46: Building] INFO  o.a.m.s.f.DefaultMavenResourcesFiltering - Copying 1 resource
2023-03-26 22:00:39,503 [Worker-46: Building] INFO  o.a.m.s.f.DefaultMavenResourcesFiltering - Copying 0 resource
2023-03-26 22:00:39,522 [Worker-46: Building] INFO  o.a.m.s.f.DefaultMavenResourcesFiltering - skip non existing resourceDirectory F:\neweepo\neha_brijesh_jaiswal_fw21_0984\unit-6\sprint-4\day-2\you\Problems1\src\test\resources
2023-03-26 22:08:18,301 [Worker-49: Building] INFO  o.a.m.s.f.DefaultMavenResourcesFiltering - Copying 1 resource
2023-03-26 22:08:18,403 [Worker-49: Building] INFO  o.a.m.s.f.DefaultMavenResourcesFiltering - Copying 0 resource
2023-03-26 22:08:18,410 [Worker-49: Building] INFO  o.a.m.s.f.DefaultMavenResourcesFiltering - skip non existing resourceDirectory F:\neweepo\neha_brijesh_jaiswal_fw21_0984\unit-6\sprint-4\day-2\you\Problems1\src\test\resources
2023-03-26 22:08:46,227 [Worker-49: Building] INFO  o.a.m.s.f.DefaultMavenResourcesFiltering - Copying 1 resource
2023-03-26 22:08:46,299 [Worker-49: Building] INFO  o.a.m.s.f.DefaultMavenResourcesFiltering - Copying 0 resource
2023-03-26 22:08:46,312 [Worker-49: Building] INFO  o.a.m.s.f.DefaultMavenResourcesFiltering - skip non existing resourceDirectory F:\neweepo\neha_brijesh_jaiswal_fw21_0984\unit-6\sprint-4\day-2\you\Problems1\src\test\resources
2023-03-26 22:09:04,377 [Worker-52: Building] INFO  o.a.m.s.f.DefaultMavenResourcesFiltering - Copying 1 resource
2023-03-26 22:09:04,391 [Worker-52: Building] INFO  o.a.m.s.f.DefaultMavenResourcesFiltering - Copying 0 resource
2023-03-26 22:09:04,396 [Worker-52: Building] INFO  o.a.m.s.f.DefaultMavenResourcesFiltering - skip non existing resourceDirectory F:\neweepo\neha_brijesh_jaiswal_fw21_0984\unit-6\sprint-4\day-2\you\Problems1\src\test\resources
2023-03-26 22:09:58,527 [Worker-53: Building] INFO  o.a.m.s.f.DefaultMavenResourcesFiltering - Copying 1 resource
2023-03-26 22:09:58,857 [Worker-53: Building] INFO  o.a.m.s.f.DefaultMavenResourcesFiltering - Copying 0 resource
2023-03-26 22:09:58,924 [Worker-53: Building] INFO  o.a.m.s.f.DefaultMavenResourcesFiltering - skip non existing resourceDirectory F:\neweepo\neha_brijesh_jaiswal_fw21_0984\unit-6\sprint-4\day-2\you\Problems1\src\test\resources
2023-03-26 22:10:38,427 [Worker-51: Building] INFO  o.a.m.s.f.DefaultMavenResourcesFiltering - Copying 1 resource
2023-03-26 22:10:38,572 [Worker-51: Building] INFO  o.a.m.s.f.DefaultMavenResourcesFiltering - Copying 0 resource
2023-03-26 22:10:38,584 [Worker-51: Building] INFO  o.a.m.s.f.DefaultMavenResourcesFiltering - skip non existing resourceDirectory F:\neweepo\neha_brijesh_jaiswal_fw21_0984\unit-6\sprint-4\day-2\you\Problems1\src\test\resources
2023-03-26 22:10:54,173 [Worker-53: Building] INFO  o.a.m.s.f.DefaultMavenResourcesFiltering - Copying 1 resource
2023-03-26 22:10:54,599 [Worker-53: Building] INFO  o.a.m.s.f.DefaultMavenResourcesFiltering - Copying 0 resource
2023-03-26 22:10:54,613 [Worker-53: Building] INFO  o.a.m.s.f.DefaultMavenResourcesFiltering - skip non existing resourceDirectory F:\neweepo\neha_brijesh_jaiswal_fw21_0984\unit-6\sprint-4\day-2\you\Problems1\src\test\resources
2023-03-26 22:13:14,157 [Worker-49: Building] INFO  o.a.m.s.f.DefaultMavenResourcesFiltering - Copying 1 resource
2023-03-26 22:13:14,476 [Worker-49: Building] INFO  o.a.m.s.f.DefaultMavenResourcesFiltering - Copying 0 resource
2023-03-26 22:13:14,484 [Worker-49: Building] INFO  o.a.m.s.f.DefaultMavenResourcesFiltering - skip non existing resourceDirectory F:\neweepo\neha_brijesh_jaiswal_fw21_0984\unit-6\sprint-4\day-2\you\Problems1\src\test\resources
2023-03-26 22:13:19,229 [Worker-42: Building] INFO  o.a.m.s.f.DefaultMavenResourcesFiltering - Copying 1 resource
2023-03-26 22:13:19,449 [Worker-42: Building] INFO  o.a.m.s.f.DefaultMavenResourcesFiltering - Copying 0 resource
2023-03-26 22:13:19,456 [Worker-42: Building] INFO  o.a.m.s.f.DefaultMavenResourcesFiltering - skip non existing resourceDirectory F:\neweepo\neha_brijesh_jaiswal_fw21_0984\unit-6\sprint-4\day-2\you\Problems1\src\test\resources
2023-03-26 22:13:35,101 [Worker-53: Building] INFO  o.a.m.s.f.DefaultMavenResourcesFiltering - Copying 1 resource
2023-03-26 22:13:35,184 [Worker-53: Building] INFO  o.a.m.s.f.DefaultMavenResourcesFiltering - Copying 0 resource
2023-03-26 22:13:35,191 [Worker-53: Building] INFO  o.a.m.s.f.DefaultMavenResourcesFiltering - skip non existing resourceDirectory F:\neweepo\neha_brijesh_jaiswal_fw21_0984\unit-6\sprint-4\day-2\you\Problems1\src\test\resources
2023-03-26 22:20:15,076 [Worker-56: Building] INFO  o.a.m.s.f.DefaultMavenResourcesFiltering - Copying 1 resource
2023-03-26 22:20:15,219 [Worker-56: Building] INFO  o.a.m.s.f.DefaultMavenResourcesFiltering - Copying 0 resource
2023-03-26 22:20:15,228 [Worker-56: Building] INFO  o.a.m.s.f.DefaultMavenResourcesFiltering - skip non existing resourceDirectory F:\neweepo\neha_brijesh_jaiswal_fw21_0984\unit-6\sprint-4\day-2\you\Problems1\src\test\resources
2023-03-26 22:30:41,300 [Worker-58: Building] INFO  o.a.m.s.f.DefaultMavenResourcesFiltering - Copying 1 resource
2023-03-26 22:30:41,386 [Worker-58: Building] INFO  o.a.m.s.f.DefaultMavenResourcesFiltering - Copying 0 resource
2023-03-26 22:30:41,402 [Worker-58: Building] INFO  o.a.m.s.f.DefaultMavenResourcesFiltering - skip non existing resourceDirectory F:\neweepo\neha_brijesh_jaiswal_fw21_0984\unit-6\sprint-4\day-2\you\Problems1\src\test\resources
2023-03-26 22:31:27,483 [Worker-58: Building] INFO  o.a.m.s.f.DefaultMavenResourcesFiltering - Copying 1 resource
2023-03-26 22:31:27,553 [Worker-58: Building] INFO  o.a.m.s.f.DefaultMavenResourcesFiltering - Copying 0 resource
2023-03-26 22:31:27,592 [Worker-58: Building] INFO  o.a.m.s.f.DefaultMavenResourcesFiltering - skip non existing resourceDirectory F:\neweepo\neha_brijesh_jaiswal_fw21_0984\unit-6\sprint-4\day-2\you\Problems1\src\test\resources
2023-03-26 22:32:45,456 [Worker-62: Building] INFO  o.a.m.s.f.DefaultMavenResourcesFiltering - Copying 1 resource
2023-03-26 22:32:45,573 [Worker-62: Building] INFO  o.a.m.s.f.DefaultMavenResourcesFiltering - Copying 0 resource
2023-03-26 22:32:45,586 [Worker-62: Building] INFO  o.a.m.s.f.DefaultMavenResourcesFiltering - skip non existing resourceDirectory F:\neweepo\neha_brijesh_jaiswal_fw21_0984\unit-6\sprint-4\day-2\you\Problems1\src\test\resources
2023-03-26 22:36:50,798 [Worker-65: Building] INFO  o.a.m.s.f.DefaultMavenResourcesFiltering - Copying 1 resource
2023-03-26 22:36:50,981 [Worker-65: Building] INFO  o.a.m.s.f.DefaultMavenResourcesFiltering - Copying 0 resource
2023-03-26 22:36:50,990 [Worker-65: Building] INFO  o.a.m.s.f.DefaultMavenResourcesFiltering - skip non existing resourceDirectory F:\neweepo\neha_brijesh_jaiswal_fw21_0984\unit-6\sprint-4\day-2\you\Problems1\src\test\resources
2023-03-26 22:38:01,669 [Worker-64: Building] INFO  o.a.m.s.f.DefaultMavenResourcesFiltering - Copying 1 resource
2023-03-26 22:38:02,017 [Worker-64: Building] INFO  o.a.m.s.f.DefaultMavenResourcesFiltering - Copying 0 resource
2023-03-26 22:38:02,029 [Worker-64: Building] INFO  o.a.m.s.f.DefaultMavenResourcesFiltering - skip non existing resourceDirectory F:\neweepo\neha_brijesh_jaiswal_fw21_0984\unit-6\sprint-4\day-2\you\Problems1\src\test\resources
2023-03-26 22:38:05,352 [Worker-68: Building] INFO  o.a.m.s.f.DefaultMavenResourcesFiltering - Copying 1 resource
2023-03-26 22:38:05,458 [Worker-68: Building] INFO  o.a.m.s.f.DefaultMavenResourcesFiltering - Copying 0 resource
2023-03-26 22:38:05,467 [Worker-68: Building] INFO  o.a.m.s.f.DefaultMavenResourcesFiltering - skip non existing resourceDirectory F:\neweepo\neha_brijesh_jaiswal_fw21_0984\unit-6\sprint-4\day-2\you\Problems1\src\test\resources
2023-03-26 22:38:50,363 [Worker-64: Building] INFO  o.a.m.s.f.DefaultMavenResourcesFiltering - Copying 1 resource
2023-03-26 22:38:50,590 [Worker-64: Building] INFO  o.a.m.s.f.DefaultMavenResourcesFiltering - Copying 0 resource
2023-03-26 22:38:50,617 [Worker-64: Building] INFO  o.a.m.s.f.DefaultMavenResourcesFiltering - skip non existing resourceDirectory F:\neweepo\neha_brijesh_jaiswal_fw21_0984\unit-6\sprint-4\day-2\you\Problems1\src\test\resources
2023-03-26 22:40:56,212 [Worker-64: Building] INFO  o.a.m.s.f.DefaultMavenResourcesFiltering - Copying 1 resource
2023-03-26 22:40:56,726 [Worker-64: Building] INFO  o.a.m.s.f.DefaultMavenResourcesFiltering - Copying 0 resource
2023-03-26 22:40:56,736 [Worker-64: Building] INFO  o.a.m.s.f.DefaultMavenResourcesFiltering - skip non existing resourceDirectory F:\neweepo\neha_brijesh_jaiswal_fw21_0984\unit-6\sprint-4\day-2\you\Problems1\src\test\resources
2023-03-27 00:06:00,055 [Worker-79: Building] INFO  o.a.m.s.f.DefaultMavenResourcesFiltering - Copying 1 resource
2023-03-27 00:06:00,237 [Worker-79: Building] INFO  o.a.m.s.f.DefaultMavenResourcesFiltering - Copying 0 resource
2023-03-27 00:06:00,247 [Worker-79: Building] INFO  o.a.m.s.f.DefaultMavenResourcesFiltering - skip non existing resourceDirectory F:\neweepo\neha_brijesh_jaiswal_fw21_0984\unit-6\sprint-4\day-2\you\Problems2\src\test\resources
2023-03-27 00:06:06,737 [Worker-80: Building] INFO  o.a.m.s.f.DefaultMavenResourcesFiltering - Copying 1 resource
2023-03-27 00:06:07,062 [Worker-80: Building] INFO  o.a.m.s.f.DefaultMavenResourcesFiltering - Copying 0 resource
2023-03-27 00:06:07,074 [Worker-80: Building] INFO  o.a.m.s.f.DefaultMavenResourcesFiltering - skip non existing resourceDirectory F:\neweepo\neha_brijesh_jaiswal_fw21_0984\unit-6\sprint-4\day-2\you\Problems2\src\test\resources
2023-03-27 00:06:36,906 [Worker-82: Building] INFO  o.a.m.s.f.DefaultMavenResourcesFiltering - Copying 1 resource
2023-03-27 00:06:37,179 [Worker-82: Building] INFO  o.a.m.s.f.DefaultMavenResourcesFiltering - Copying 0 resource
2023-03-27 00:06:37,185 [Worker-82: Building] INFO  o.a.m.s.f.DefaultMavenResourcesFiltering - skip non existing resourceDirectory F:\neweepo\neha_brijesh_jaiswal_fw21_0984\unit-6\sprint-4\day-2\you\Problems2\src\test\resources
2023-03-27 00:06:57,482 [Worker-82: Building] INFO  o.a.m.s.f.DefaultMavenResourcesFiltering - Copying 1 resource
2023-03-27 00:06:57,684 [Worker-82: Building] INFO  o.a.m.s.f.DefaultMavenResourcesFiltering - Copying 0 resource
2023-03-27 00:06:57,693 [Worker-82: Building] INFO  o.a.m.s.f.DefaultMavenResourcesFiltering - skip non existing resourceDirectory F:\neweepo\neha_brijesh_jaiswal_fw21_0984\unit-6\sprint-4\day-2\you\Problems2\src\test\resources
2023-03-27 00:07:13,081 [Worker-78: Building] INFO  o.a.m.s.f.DefaultMavenResourcesFiltering - Copying 1 resource
2023-03-27 00:07:13,189 [Worker-78: Building] INFO  o.a.m.s.f.DefaultMavenResourcesFiltering - Copying 0 resource
2023-03-27 00:07:13,288 [Worker-78: Building] INFO  o.a.m.s.f.DefaultMavenResourcesFiltering - skip non existing resourceDirectory F:\neweepo\neha_brijesh_jaiswal_fw21_0984\unit-6\sprint-4\day-2\you\Problems2\src\test\resources
2023-03-27 00:08:09,572 [Worker-79: Building] INFO  o.a.m.s.f.DefaultMavenResourcesFiltering - Copying 1 resource
2023-03-27 00:08:09,610 [Worker-79: Building] INFO  o.a.m.s.f.DefaultMavenResourcesFiltering - Copying 0 resource
2023-03-27 00:08:09,623 [Worker-79: Building] INFO  o.a.m.s.f.DefaultMavenResourcesFiltering - skip non existing resourceDirectory F:\neweepo\neha_brijesh_jaiswal_fw21_0984\unit-6\sprint-4\day-2\you\Problems2\src\test\resources
2023-03-27 00:08:24,453 [Worker-78: Building] INFO  o.a.m.s.f.DefaultMavenResourcesFiltering - Copying 1 resource
2023-03-27 00:08:24,496 [Worker-78: Building] INFO  o.a.m.s.f.DefaultMavenResourcesFiltering - Copying 0 resource
2023-03-27 00:08:24,505 [Worker-78: Building] INFO  o.a.m.s.f.DefaultMavenResourcesFiltering - skip non existing resourceDirectory F:\neweepo\neha_brijesh_jaiswal_fw21_0984\unit-6\sprint-4\day-2\you\Problems2\src\test\resources
2023-03-27 00:09:40,260 [Worker-83: Building] INFO  o.a.m.s.f.DefaultMavenResourcesFiltering - Copying 1 resource
2023-03-27 00:09:40,440 [Worker-83: Building] INFO  o.a.m.s.f.DefaultMavenResourcesFiltering - Copying 0 resource
2023-03-27 00:09:40,690 [Worker-83: Building] INFO  o.a.m.s.f.DefaultMavenResourcesFiltering - skip non existing resourceDirectory F:\neweepo\neha_brijesh_jaiswal_fw21_0984\unit-6\sprint-4\day-2\you\Problems2\src\test\resources
2023-03-27 00:12:18,658 [Worker-84: Building] INFO  o.a.m.s.f.DefaultMavenResourcesFiltering - Copying 1 resource
2023-03-27 00:12:18,729 [Worker-84: Building] INFO  o.a.m.s.f.DefaultMavenResourcesFiltering - Copying 0 resource
2023-03-27 00:12:18,734 [Worker-84: Building] INFO  o.a.m.s.f.DefaultMavenResourcesFiltering - skip non existing resourceDirectory F:\neweepo\neha_brijesh_jaiswal_fw21_0984\unit-6\sprint-4\day-2\you\Problems2\src\test\resources
2023-03-27 00:44:34,526 [Worker-90: Building] INFO  o.a.m.s.f.DefaultMavenResourcesFiltering - Copying 1 resource
2023-03-27 00:44:34,706 [Worker-90: Building] INFO  o.a.m.s.f.DefaultMavenResourcesFiltering - Copying 0 resource
2023-03-27 00:44:34,713 [Worker-90: Building] INFO  o.a.m.s.f.DefaultMavenResourcesFiltering - skip non existing resourceDirectory F:\neweepo\neha_brijesh_jaiswal_fw21_0984\unit-6\sprint-4\day-2\you\Problems2\src\test\resources
2023-03-27 00:45:35,505 [Worker-92: Building] INFO  o.a.m.s.f.DefaultMavenResourcesFiltering - Copying 1 resource
2023-03-27 00:45:35,643 [Worker-92: Building] INFO  o.a.m.s.f.DefaultMavenResourcesFiltering - Copying 0 resource
2023-03-27 00:45:35,650 [Worker-92: Building] INFO  o.a.m.s.f.DefaultMavenResourcesFiltering - skip non existing resourceDirectory F:\neweepo\neha_brijesh_jaiswal_fw21_0984\unit-6\sprint-4\day-2\you\Problems2\src\test\resources
2023-03-27 00:48:51,654 [Worker-95: Building] INFO  o.a.m.s.f.DefaultMavenResourcesFiltering - Copying 1 resource
2023-03-27 00:48:51,861 [Worker-95: Building] INFO  o.a.m.s.f.DefaultMavenResourcesFiltering - Copying 0 resource
2023-03-27 00:48:51,869 [Worker-95: Building] INFO  o.a.m.s.f.DefaultMavenResourcesFiltering - skip non existing resourceDirectory F:\neweepo\neha_brijesh_jaiswal_fw21_0984\unit-6\sprint-4\day-2\you\Problems2\src\test\resources
2023-03-27 00:50:36,921 [Worker-95: Building] INFO  o.a.m.s.f.DefaultMavenResourcesFiltering - Copying 1 resource
2023-03-27 00:50:37,020 [Worker-95: Building] INFO  o.a.m.s.f.DefaultMavenResourcesFiltering - Copying 0 resource
2023-03-27 00:50:37,028 [Worker-95: Building] INFO  o.a.m.s.f.DefaultMavenResourcesFiltering - skip non existing resourceDirectory F:\neweepo\neha_brijesh_jaiswal_fw21_0984\unit-6\sprint-4\day-2\you\Problems2\src\test\resources
2023-03-27 00:50:59,693 [Worker-96: Building] INFO  o.a.m.s.f.DefaultMavenResourcesFiltering - Copying 1 resource
2023-03-27 00:50:59,795 [Worker-96: Building] INFO  o.a.m.s.f.DefaultMavenResourcesFiltering - Copying 0 resource
2023-03-27 00:50:59,802 [Worker-96: Building] INFO  o.a.m.s.f.DefaultMavenResourcesFiltering - skip non existing resourceDirectory F:\neweepo\neha_brijesh_jaiswal_fw21_0984\unit-6\sprint-4\day-2\you\Problems2\src\test\resources
2023-03-27 00:51:16,179 [Worker-97: Building] INFO  o.a.m.s.f.DefaultMavenResourcesFiltering - Copying 1 resource
2023-03-27 00:51:16,308 [Worker-97: Building] INFO  o.a.m.s.f.DefaultMavenResourcesFiltering - Copying 0 resource
2023-03-27 00:51:16,314 [Worker-97: Building] INFO  o.a.m.s.f.DefaultMavenResourcesFiltering - skip non existing resourceDirectory F:\neweepo\neha_brijesh_jaiswal_fw21_0984\unit-6\sprint-4\day-2\you\Problems2\src\test\resources
2023-03-27 00:51:19,762 [Worker-95: Building] INFO  o.a.m.s.f.DefaultMavenResourcesFiltering - Copying 1 resource
2023-03-27 00:51:19,778 [Worker-95: Building] INFO  o.a.m.s.f.DefaultMavenResourcesFiltering - Copying 0 resource
2023-03-27 00:51:19,808 [Worker-95: Building] INFO  o.a.m.s.f.DefaultMavenResourcesFiltering - skip non existing resourceDirectory F:\neweepo\neha_brijesh_jaiswal_fw21_0984\unit-6\sprint-4\day-2\you\Problems2\src\test\resources
2023-03-27 00:51:52,038 [Worker-96: Building] INFO  o.a.m.s.f.DefaultMavenResourcesFiltering - Copying 1 resource
2023-03-27 00:51:52,068 [Worker-96: Building] INFO  o.a.m.s.f.DefaultMavenResourcesFiltering - Copying 0 resource
2023-03-27 00:51:52,073 [Worker-96: Building] INFO  o.a.m.s.f.DefaultMavenResourcesFiltering - skip non existing resourceDirectory F:\neweepo\neha_brijesh_jaiswal_fw21_0984\unit-6\sprint-4\day-2\you\Problems2\src\test\resources
2023-03-27 00:52:23,706 [Worker-92: Building] INFO  o.a.m.s.f.DefaultMavenResourcesFiltering - Copying 1 resource
2023-03-27 00:52:23,766 [Worker-92: Building] INFO  o.a.m.s.f.DefaultMavenResourcesFiltering - Copying 0 resource
2023-03-27 00:52:23,771 [Worker-92: Building] INFO  o.a.m.s.f.DefaultMavenResourcesFiltering - skip non existing resourceDirectory F:\neweepo\neha_brijesh_jaiswal_fw21_0984\unit-6\sprint-4\day-2\you\Problems2\src\test\resources
2023-03-27 00:53:11,720 [Worker-99: Building] INFO  o.a.m.s.f.DefaultMavenResourcesFiltering - Copying 1 resource
2023-03-27 00:53:11,797 [Worker-99: Building] INFO  o.a.m.s.f.DefaultMavenResourcesFiltering - Copying 0 resource
2023-03-27 00:53:11,802 [Worker-99: Building] INFO  o.a.m.s.f.DefaultMavenResourcesFiltering - skip non existing resourceDirectory F:\neweepo\neha_brijesh_jaiswal_fw21_0984\unit-6\sprint-4\day-2\you\Problems2\src\test\resources
2023-03-27 00:53:24,548 [Worker-98: Building] INFO  o.a.m.s.f.DefaultMavenResourcesFiltering - Copying 1 resource
2023-03-27 00:53:24,565 [Worker-98: Building] INFO  o.a.m.s.f.DefaultMavenResourcesFiltering - Copying 0 resource
2023-03-27 00:53:24,570 [Worker-98: Building] INFO  o.a.m.s.f.DefaultMavenResourcesFiltering - skip non existing resourceDirectory F:\neweepo\neha_brijesh_jaiswal_fw21_0984\unit-6\sprint-4\day-2\you\Problems2\src\test\resources
2023-03-27 00:54:26,757 [Worker-92: Building] INFO  o.a.m.s.f.DefaultMavenResourcesFiltering - Copying 1 resource
2023-03-27 00:54:26,865 [Worker-92: Building] INFO  o.a.m.s.f.DefaultMavenResourcesFiltering - Copying 0 resource
2023-03-27 00:54:26,874 [Worker-92: Building] INFO  o.a.m.s.f.DefaultMavenResourcesFiltering - skip non existing resourceDirectory F:\neweepo\neha_brijesh_jaiswal_fw21_0984\unit-6\sprint-4\day-2\you\Problems2\src\test\resources
2023-03-27 00:54:39,710 [Worker-95: Building] INFO  o.a.m.s.f.DefaultMavenResourcesFiltering - Copying 1 resource
2023-03-27 00:54:39,743 [Worker-95: Building] INFO  o.a.m.s.f.DefaultMavenResourcesFiltering - Copying 0 resource
2023-03-27 00:54:39,748 [Worker-95: Building] INFO  o.a.m.s.f.DefaultMavenResourcesFiltering - skip non existing resourceDirectory F:\neweepo\neha_brijesh_jaiswal_fw21_0984\unit-6\sprint-4\day-2\you\Problems2\src\test\resources
2023-03-27 00:59:38,434 [Worker-103: Building] INFO  o.a.m.s.f.DefaultMavenResourcesFiltering - Copying 1 resource
2023-03-27 00:59:38,481 [Worker-103: Building] INFO  o.a.m.s.f.DefaultMavenResourcesFiltering - Copying 0 resource
2023-03-27 00:59:38,487 [Worker-103: Building] INFO  o.a.m.s.f.DefaultMavenResourcesFiltering - skip non existing resourceDirectory F:\neweepo\neha_brijesh_jaiswal_fw21_0984\unit-6\sprint-4\day-2\you\Problems2\src\test\resources
2023-03-27 01:01:01,272 [Worker-103: Building] INFO  o.a.m.s.f.DefaultMavenResourcesFiltering - Copying 1 resource
2023-03-27 01:01:01,410 [Worker-103: Building] INFO  o.a.m.s.f.DefaultMavenResourcesFiltering - Copying 0 resource
2023-03-27 01:01:01,418 [Worker-103: Building] INFO  o.a.m.s.f.DefaultMavenResourcesFiltering - skip non existing resourceDirectory F:\neweepo\neha_brijesh_jaiswal_fw21_0984\unit-6\sprint-4\day-2\you\Problems2\src\test\resources
2023-03-27 01:01:40,112 [Worker-101: Building] INFO  o.a.m.s.f.DefaultMavenResourcesFiltering - Copying 1 resource
2023-03-27 01:01:40,129 [Worker-101: Building] INFO  o.a.m.s.f.DefaultMavenResourcesFiltering - Copying 0 resource
2023-03-27 01:01:40,139 [Worker-101: Building] INFO  o.a.m.s.f.DefaultMavenResourcesFiltering - skip non existing resourceDirectory F:\neweepo\neha_brijesh_jaiswal_fw21_0984\unit-6\sprint-4\day-2\you\Problems2\src\test\resources
2023-03-27 01:20:16,928 [Worker-116: Building] INFO  o.a.m.s.f.DefaultMavenResourcesFiltering - Copying 1 resource
2023-03-27 01:20:17,315 [Worker-116: Building] INFO  o.a.m.s.f.DefaultMavenResourcesFiltering - Copying 0 resource
2023-03-27 01:20:17,323 [Worker-116: Building] INFO  o.a.m.s.f.DefaultMavenResourcesFiltering - skip non existing resourceDirectory F:\neweepo\neha_brijesh_jaiswal_fw21_0984\unit-6\sprint-4\day-2\you\Problems2\src\test\resources
2023-03-27 01:27:56,817 [Worker-113: Building] INFO  o.a.m.s.f.DefaultMavenResourcesFiltering - Copying 1 resource
2023-03-27 01:27:56,904 [Worker-113: Building] INFO  o.a.m.s.f.DefaultMavenResourcesFiltering - Copying 0 resource
2023-03-27 01:27:56,911 [Worker-113: Building] INFO  o.a.m.s.f.DefaultMavenResourcesFiltering - skip non existing resourceDirectory F:\neweepo\neha_brijesh_jaiswal_fw21_0984\unit-6\sprint-4\day-2\you\Problems2\src\test\resources
2023-03-27 01:44:34,206 [Worker-125: Building] INFO  o.a.m.s.f.DefaultMavenResourcesFiltering - Copying 1 resource
2023-03-27 01:44:34,434 [Worker-125: Building] INFO  o.a.m.s.f.DefaultMavenResourcesFiltering - Copying 0 resource
2023-03-27 01:44:34,441 [Worker-125: Building] INFO  o.a.m.s.f.DefaultMavenResourcesFiltering - skip non existing resourceDirectory F:\neweepo\neha_brijesh_jaiswal_fw21_0984\unit-6\sprint-4\day-2\you\Problems2\src\test\resources
2023-03-27 01:44:50,022 [Worker-124: Building] INFO  o.a.m.s.f.DefaultMavenResourcesFiltering - Copying 1 resource
2023-03-27 01:44:50,074 [Worker-124: Building] INFO  o.a.m.s.f.DefaultMavenResourcesFiltering - Copying 0 resource
2023-03-27 01:44:50,082 [Worker-124: Building] INFO  o.a.m.s.f.DefaultMavenResourcesFiltering - skip non existing resourceDirectory F:\neweepo\neha_brijesh_jaiswal_fw21_0984\unit-6\sprint-4\day-2\you\Problems2\src\test\resources
2023-03-27 01:45:43,068 [Worker-125: Building] INFO  o.a.m.s.f.DefaultMavenResourcesFiltering - Copying 1 resource
2023-03-27 01:45:43,106 [Worker-125: Building] INFO  o.a.m.s.f.DefaultMavenResourcesFiltering - Copying 0 resource
2023-03-27 01:45:43,111 [Worker-125: Building] INFO  o.a.m.s.f.DefaultMavenResourcesFiltering - skip non existing resourceDirectory F:\neweepo\neha_brijesh_jaiswal_fw21_0984\unit-6\sprint-4\day-2\you\Problems2\src\test\resources
2023-03-27 01:46:01,428 [Worker-124: Building] INFO  o.a.m.s.f.DefaultMavenResourcesFiltering - Copying 1 resource
2023-03-27 01:46:01,581 [Worker-124: Building] INFO  o.a.m.s.f.DefaultMavenResourcesFiltering - Copying 0 resource
2023-03-27 01:46:01,585 [Worker-124: Building] INFO  o.a.m.s.f.DefaultMavenResourcesFiltering - skip non existing resourceDirectory F:\neweepo\neha_brijesh_jaiswal_fw21_0984\unit-6\sprint-4\day-2\you\Problems2\src\test\resources
2023-03-27 01:46:18,868 [Worker-123: Building] INFO  o.a.m.s.f.DefaultMavenResourcesFiltering - Copying 1 resource
2023-03-27 01:46:18,878 [Worker-123: Building] INFO  o.a.m.s.f.DefaultMavenResourcesFiltering - Copying 0 resource
2023-03-27 01:46:18,907 [Worker-123: Building] INFO  o.a.m.s.f.DefaultMavenResourcesFiltering - skip non existing resourceDirectory F:\neweepo\neha_brijesh_jaiswal_fw21_0984\unit-6\sprint-4\day-2\you\Problems2\src\test\resources
2023-03-27 01:47:33,313 [Worker-124: Building] INFO  o.a.m.s.f.DefaultMavenResourcesFiltering - Copying 1 resource
2023-03-27 01:47:33,325 [Worker-124: Building] INFO  o.a.m.s.f.DefaultMavenResourcesFiltering - Copying 0 resource
2023-03-27 01:47:33,329 [Worker-124: Building] INFO  o.a.m.s.f.DefaultMavenResourcesFiltering - skip non existing resourceDirectory F:\neweepo\neha_brijesh_jaiswal_fw21_0984\unit-6\sprint-4\day-2\you\Problems2\src\test\resources
2023-03-27 01:48:03,052 [Worker-125: Building] INFO  o.a.m.s.f.DefaultMavenResourcesFiltering - Copying 1 resource
2023-03-27 01:48:03,185 [Worker-125: Building] INFO  o.a.m.s.f.DefaultMavenResourcesFiltering - Copying 0 resource
2023-03-27 01:48:03,190 [Worker-125: Building] INFO  o.a.m.s.f.DefaultMavenResourcesFiltering - skip non existing resourceDirectory F:\neweepo\neha_brijesh_jaiswal_fw21_0984\unit-6\sprint-4\day-2\you\Problems2\src\test\resources
2023-03-27 01:49:46,055 [Worker-125: Building] INFO  o.a.m.s.f.DefaultMavenResourcesFiltering - Copying 1 resource
2023-03-27 01:49:46,107 [Worker-125: Building] INFO  o.a.m.s.f.DefaultMavenResourcesFiltering - Copying 0 resource
2023-03-27 01:49:46,112 [Worker-125: Building] INFO  o.a.m.s.f.DefaultMavenResourcesFiltering - skip non existing resourceDirectory F:\neweepo\neha_brijesh_jaiswal_fw21_0984\unit-6\sprint-4\day-2\you\Problems2\src\test\resources
2023-03-27 01:50:02,763 [Worker-125: Building] INFO  o.a.m.s.f.DefaultMavenResourcesFiltering - Copying 1 resource
2023-03-27 01:50:02,817 [Worker-125: Building] INFO  o.a.m.s.f.DefaultMavenResourcesFiltering - Copying 0 resource
2023-03-27 01:50:02,821 [Worker-125: Building] INFO  o.a.m.s.f.DefaultMavenResourcesFiltering - skip non existing resourceDirectory F:\neweepo\neha_brijesh_jaiswal_fw21_0984\unit-6\sprint-4\day-2\you\Problems2\src\test\resources
2023-03-27 01:51:11,555 [Worker-121: Building] INFO  o.a.m.s.f.DefaultMavenResourcesFiltering - Copying 1 resource
2023-03-27 01:51:11,701 [Worker-121: Building] INFO  o.a.m.s.f.DefaultMavenResourcesFiltering - Copying 0 resource
2023-03-27 01:51:11,710 [Worker-121: Building] INFO  o.a.m.s.f.DefaultMavenResourcesFiltering - skip non existing resourceDirectory F:\neweepo\neha_brijesh_jaiswal_fw21_0984\unit-6\sprint-4\day-2\you\Problems2\src\test\resources
2023-03-27 08:43:43,567 [Worker-2: Loading available Gradle versions] INFO  o.e.b.c.i.u.g.PublishedGradleVersions - Gradle version information cache is up-to-date. Trying to read.
2023-03-27 08:48:50,004 [Worker-7: Building] INFO  o.a.m.s.f.DefaultMavenResourcesFiltering - Copying 1 resource
2023-03-27 08:48:50,096 [Worker-7: Building] INFO  o.a.m.s.f.DefaultMavenResourcesFiltering - Copying 0 resource
2023-03-27 08:48:50,106 [Worker-7: Building] INFO  o.a.m.s.f.DefaultMavenResourcesFiltering - skip non existing resourceDirectory F:\neweepo\neha_brijesh_jaiswal_fw21_0984\unit-6\sprint-4\day-2\you\Problems2\src\test\resources
2023-03-27 09:01:57,252 [Worker-1: Building] INFO  o.a.m.s.f.DefaultMavenResourcesFiltering - Copying 1 resource
2023-03-27 09:01:57,634 [Worker-1: Building] INFO  o.a.m.s.f.DefaultMavenResourcesFiltering - Copying 0 resource
2023-03-27 09:01:57,643 [Worker-1: Building] INFO  o.a.m.s.f.DefaultMavenResourcesFiltering - skip non existing resourceDirectory F:\neweepo\neha_brijesh_jaiswal_fw21_0984\unit-6\sprint-4\day-2\you\Problems2\src\test\resources
2023-03-27 09:04:33,329 [Worker-10: Building] INFO  o.a.m.s.f.DefaultMavenResourcesFiltering - Copying 1 resource
2023-03-27 09:04:33,505 [Worker-10: Building] INFO  o.a.m.s.f.DefaultMavenResourcesFiltering - Copying 0 resource
2023-03-27 09:04:33,510 [Worker-10: Building] INFO  o.a.m.s.f.DefaultMavenResourcesFiltering - skip non existing resourceDirectory F:\neweepo\neha_brijesh_jaiswal_fw21_0984\unit-6\sprint-4\day-2\you\Problems2\src\test\resources
2023-03-27 09:05:20,826 [Worker-16: Building] INFO  o.a.m.s.f.DefaultMavenResourcesFiltering - Copying 1 resource
2023-03-27 09:05:21,135 [Worker-16: Building] INFO  o.a.m.s.f.DefaultMavenResourcesFiltering - Copying 0 resource
2023-03-27 09:05:21,145 [Worker-16: Building] INFO  o.a.m.s.f.DefaultMavenResourcesFiltering - skip non existing resourceDirectory F:\neweepo\neha_brijesh_jaiswal_fw21_0984\unit-6\sprint-4\day-2\you\Problems2\src\test\resources
2023-03-27 09:08:36,925 [Worker-19: Building] INFO  o.a.m.s.f.DefaultMavenResourcesFiltering - Copying 1 resource
2023-03-27 09:08:37,016 [Worker-19: Building] INFO  o.a.m.s.f.DefaultMavenResourcesFiltering - Copying 0 resource
2023-03-27 09:08:37,022 [Worker-19: Building] INFO  o.a.m.s.f.DefaultMavenResourcesFiltering - skip non existing resourceDirectory F:\neweepo\neha_brijesh_jaiswal_fw21_0984\unit-6\sprint-4\day-2\you\Problems2\src\test\resources
2023-03-27 09:09:17,848 [Worker-18: Building] INFO  o.a.m.s.f.DefaultMavenResourcesFiltering - Copying 1 resource
2023-03-27 09:09:18,001 [Worker-18: Building] INFO  o.a.m.s.f.DefaultMavenResourcesFiltering - Copying 0 resource
2023-03-27 09:09:18,007 [Worker-18: Building] INFO  o.a.m.s.f.DefaultMavenResourcesFiltering - skip non existing resourceDirectory F:\neweepo\neha_brijesh_jaiswal_fw21_0984\unit-6\sprint-4\day-2\you\Problems2\src\test\resources
2023-03-27 09:10:10,041 [Worker-10: Building] INFO  o.a.m.s.f.DefaultMavenResourcesFiltering - Copying 1 resource
2023-03-27 09:10:10,180 [Worker-10: Building] INFO  o.a.m.s.f.DefaultMavenResourcesFiltering - Copying 0 resource
2023-03-27 09:10:10,187 [Worker-10: Building] INFO  o.a.m.s.f.DefaultMavenResourcesFiltering - skip non existing resourceDirectory F:\neweepo\neha_brijesh_jaiswal_fw21_0984\unit-6\sprint-4\day-2\you\Problems2\src\test\resources
2023-03-27 09:11:55,536 [Worker-10: Building] INFO  o.a.m.s.f.DefaultMavenResourcesFiltering - Copying 1 resource
2023-03-27 09:11:55,674 [Worker-10: Building] INFO  o.a.m.s.f.DefaultMavenResourcesFiltering - Copying 0 resource
2023-03-27 09:11:55,690 [Worker-10: Building] INFO  o.a.m.s.f.DefaultMavenResourcesFiltering - skip non existing resourceDirectory F:\neweepo\neha_brijesh_jaiswal_fw21_0984\unit-6\sprint-4\day-2\you\Problems2\src\test\resources
2023-03-27 09:12:03,924 [Worker-10: Building] INFO  o.a.m.s.f.DefaultMavenResourcesFiltering - Copying 1 resource
2023-03-27 09:12:03,936 [Worker-10: Building] INFO  o.a.m.s.f.DefaultMavenResourcesFiltering - Copying 0 resource
2023-03-27 09:12:03,942 [Worker-10: Building] INFO  o.a.m.s.f.DefaultMavenResourcesFiltering - skip non existing resourceDirectory F:\neweepo\neha_brijesh_jaiswal_fw21_0984\unit-6\sprint-4\day-2\you\Problems2\src\test\resources
2023-03-27 09:14:24,419 [Worker-20: Building] INFO  o.a.m.s.f.DefaultMavenResourcesFiltering - Copying 1 resource
2023-03-27 09:14:24,452 [Worker-20: Building] INFO  o.a.m.s.f.DefaultMavenResourcesFiltering - Copying 0 resource
2023-03-27 09:14:24,459 [Worker-20: Building] INFO  o.a.m.s.f.DefaultMavenResourcesFiltering - skip non existing resourceDirectory F:\neweepo\neha_brijesh_jaiswal_fw21_0984\unit-6\sprint-4\day-2\you\Problem3\src\test\resources
2023-03-27 09:21:38,748 [Worker-29: Building] INFO  o.a.m.s.f.DefaultMavenResourcesFiltering - Copying 1 resource
2023-03-27 09:21:38,938 [Worker-29: Building] INFO  o.a.m.s.f.DefaultMavenResourcesFiltering - Copying 0 resource
2023-03-27 09:21:38,944 [Worker-29: Building] INFO  o.a.m.s.f.DefaultMavenResourcesFiltering - skip non existing resourceDirectory F:\neweepo\neha_brijesh_jaiswal_fw21_0984\unit-6\sprint-4\day-2\you\Problem3\src\test\resources
2023-03-27 09:23:21,047 [Worker-31: Building] INFO  o.a.m.s.f.DefaultMavenResourcesFiltering - Copying 1 resource
2023-03-27 09:23:21,143 [Worker-31: Building] INFO  o.a.m.s.f.DefaultMavenResourcesFiltering - Copying 0 resource
2023-03-27 09:23:21,149 [Worker-31: Building] INFO  o.a.m.s.f.DefaultMavenResourcesFiltering - skip non existing resourceDirectory F:\neweepo\neha_brijesh_jaiswal_fw21_0984\unit-6\sprint-4\day-2\you\Problem3\src\test\resources
2023-03-27 09:24:00,685 [Worker-32: Building] INFO  o.a.m.s.f.DefaultMavenResourcesFiltering - Copying 1 resource
2023-03-27 09:24:00,867 [Worker-32: Building] INFO  o.a.m.s.f.DefaultMavenResourcesFiltering - Copying 0 resource
2023-03-27 09:24:00,873 [Worker-32: Building] INFO  o.a.m.s.f.DefaultMavenResourcesFiltering - skip non existing resourceDirectory F:\neweepo\neha_brijesh_jaiswal_fw21_0984\unit-6\sprint-4\day-2\you\Problem3\src\test\resources
2023-03-27 09:24:11,486 [Worker-32: Building] INFO  o.a.m.s.f.DefaultMavenResourcesFiltering - Copying 1 resource
2023-03-27 09:24:11,499 [Worker-32: Building] INFO  o.a.m.s.f.DefaultMavenResourcesFiltering - Copying 0 resource
2023-03-27 09:24:11,504 [Worker-32: Building] INFO  o.a.m.s.f.DefaultMavenResourcesFiltering - skip non existing resourceDirectory F:\neweepo\neha_brijesh_jaiswal_fw21_0984\unit-6\sprint-4\day-2\you\Problem3\src\test\resources
2023-03-27 09:25:41,910 [Worker-20: Building] INFO  o.a.m.s.f.DefaultMavenResourcesFiltering - Copying 1 resource
2023-03-27 09:25:42,056 [Worker-20: Building] INFO  o.a.m.s.f.DefaultMavenResourcesFiltering - Copying 0 resource
2023-03-27 09:25:42,064 [Worker-20: Building] INFO  o.a.m.s.f.DefaultMavenResourcesFiltering - skip non existing resourceDirectory F:\neweepo\neha_brijesh_jaiswal_fw21_0984\unit-6\sprint-4\day-2\you\Problem3\src\test\resources
2023-03-27 09:25:51,343 [Worker-29: Building] INFO  o.a.m.s.f.DefaultMavenResourcesFiltering - Copying 1 resource
2023-03-27 09:25:51,488 [Worker-29: Building] INFO  o.a.m.s.f.DefaultMavenResourcesFiltering - Copying 0 resource
2023-03-27 09:25:51,496 [Worker-29: Building] INFO  o.a.m.s.f.DefaultMavenResourcesFiltering - skip non existing resourceDirectory F:\neweepo\neha_brijesh_jaiswal_fw21_0984\unit-6\sprint-4\day-2\you\Problem3\src\test\resources
2023-03-27 09:27:03,699 [Worker-31: Building] INFO  o.a.m.s.f.DefaultMavenResourcesFiltering - Copying 1 resource
2023-03-27 09:27:03,709 [Worker-31: Building] INFO  o.a.m.s.f.DefaultMavenResourcesFiltering - Copying 0 resource
2023-03-27 09:27:03,717 [Worker-31: Building] INFO  o.a.m.s.f.DefaultMavenResourcesFiltering - skip non existing resourceDirectory F:\neweepo\neha_brijesh_jaiswal_fw21_0984\unit-6\sprint-4\day-2\you\Problem3\src\test\resources
2023-03-27 09:27:14,189 [Worker-20: Launching Problem3 - Problem3Application] INFO  o.a.m.s.f.DefaultMavenResourcesFiltering - Copying 1 resource
2023-03-27 09:27:14,241 [Worker-20: Launching Problem3 - Problem3Application] INFO  o.a.m.s.f.DefaultMavenResourcesFiltering - Copying 0 resource
2023-03-27 09:27:14,246 [Worker-20: Launching Problem3 - Problem3Application] INFO  o.a.m.s.f.DefaultMavenResourcesFiltering - skip non existing resourceDirectory F:\neweepo\neha_brijesh_jaiswal_fw21_0984\unit-6\sprint-4\day-2\you\Problem3\src\test\resources
2023-03-27 09:28:09,485 [Worker-28: Building] INFO  o.a.m.s.f.DefaultMavenResourcesFiltering - Copying 1 resource
2023-03-27 09:28:09,503 [Worker-28: Building] INFO  o.a.m.s.f.DefaultMavenResourcesFiltering - Copying 0 resource
2023-03-27 09:28:09,509 [Worker-28: Building] INFO  o.a.m.s.f.DefaultMavenResourcesFiltering - skip non existing resourceDirectory F:\neweepo\neha_brijesh_jaiswal_fw21_0984\unit-6\sprint-4\day-2\you\Problem3\src\test\resources
2023-03-27 09:28:17,996 [Worker-31: Building] INFO  o.a.m.s.f.DefaultMavenResourcesFiltering - Copying 1 resource
2023-03-27 09:28:18,005 [Worker-31: Building] INFO  o.a.m.s.f.DefaultMavenResourcesFiltering - Copying 0 resource
2023-03-27 09:28:18,010 [Worker-31: Building] INFO  o.a.m.s.f.DefaultMavenResourcesFiltering - skip non existing resourceDirectory F:\neweepo\neha_brijesh_jaiswal_fw21_0984\unit-6\sprint-4\day-2\you\Problem3\src\test\resources
2023-03-27 09:30:41,936 [Worker-30: Building] INFO  o.a.m.s.f.DefaultMavenResourcesFiltering - Copying 1 resource
2023-03-27 09:30:42,005 [Worker-30: Building] INFO  o.a.m.s.f.DefaultMavenResourcesFiltering - Copying 0 resource
2023-03-27 09:30:42,012 [Worker-30: Building] INFO  o.a.m.s.f.DefaultMavenResourcesFiltering - skip non existing resourceDirectory F:\neweepo\neha_brijesh_jaiswal_fw21_0984\unit-6\sprint-4\day-2\you\Problem3\src\test\resources
2023-03-27 09:31:12,548 [Worker-20: Building] INFO  o.a.m.s.f.DefaultMavenResourcesFiltering - Copying 1 resource
2023-03-27 09:31:12,586 [Worker-20: Building] INFO  o.a.m.s.f.DefaultMavenResourcesFiltering - Copying 0 resource
2023-03-27 09:31:12,626 [Worker-20: Building] INFO  o.a.m.s.f.DefaultMavenResourcesFiltering - skip non existing resourceDirectory F:\neweepo\neha_brijesh_jaiswal_fw21_0984\unit-6\sprint-4\day-2\you\Problem3\src\test\resources
2023-03-27 09:31:23,870 [Worker-30: Building] INFO  o.a.m.s.f.DefaultMavenResourcesFiltering - Copying 1 resource
2023-03-27 09:31:23,880 [Worker-30: Building] INFO  o.a.m.s.f.DefaultMavenResourcesFiltering - Copying 0 resource
2023-03-27 09:31:23,885 [Worker-30: Building] INFO  o.a.m.s.f.DefaultMavenResourcesFiltering - skip non existing resourceDirectory F:\neweepo\neha_brijesh_jaiswal_fw21_0984\unit-6\sprint-4\day-2\you\Problem3\src\test\resources
2023-03-27 09:32:33,084 [Worker-35: Building] INFO  o.a.m.s.f.DefaultMavenResourcesFiltering - Copying 1 resource
2023-03-27 09:32:33,094 [Worker-35: Building] INFO  o.a.m.s.f.DefaultMavenResourcesFiltering - Copying 0 resource
2023-03-27 09:32:33,098 [Worker-35: Building] INFO  o.a.m.s.f.DefaultMavenResourcesFiltering - skip non existing resourceDirectory F:\neweepo\neha_brijesh_jaiswal_fw21_0984\unit-6\sprint-4\day-2\you\Problem3\src\test\resources
2023-03-27 09:32:52,666 [Worker-34: Building] INFO  o.a.m.s.f.DefaultMavenResourcesFiltering - Copying 1 resource
2023-03-27 09:32:52,700 [Worker-34: Building] INFO  o.a.m.s.f.DefaultMavenResourcesFiltering - Copying 0 resource
2023-03-27 09:32:52,707 [Worker-34: Building] INFO  o.a.m.s.f.DefaultMavenResourcesFiltering - skip non existing resourceDirectory F:\neweepo\neha_brijesh_jaiswal_fw21_0984\unit-6\sprint-4\day-2\you\Problem3\src\test\resources
2023-03-27 09:33:28,853 [Worker-31: Building] INFO  o.a.m.s.f.DefaultMavenResourcesFiltering - Copying 1 resource
2023-03-27 09:33:28,863 [Worker-31: Building] INFO  o.a.m.s.f.DefaultMavenResourcesFiltering - Copying 0 resource
2023-03-27 09:33:28,868 [Worker-31: Building] INFO  o.a.m.s.f.DefaultMavenResourcesFiltering - skip non existing resourceDirectory F:\neweepo\neha_brijesh_jaiswal_fw21_0984\unit-6\sprint-4\day-2\you\Problem3\src\test\resources
2023-03-27 09:35:02,860 [Worker-20: Building] INFO  o.a.m.s.f.DefaultMavenResourcesFiltering - Copying 1 resource
2023-03-27 09:35:02,894 [Worker-20: Building] INFO  o.a.m.s.f.DefaultMavenResourcesFiltering - Copying 0 resource
2023-03-27 09:35:02,899 [Worker-20: Building] INFO  o.a.m.s.f.DefaultMavenResourcesFiltering - skip non existing resourceDirectory F:\neweepo\neha_brijesh_jaiswal_fw21_0984\unit-6\sprint-4\day-2\you\Problem3\src\test\resources
2023-03-27 09:35:23,490 [Worker-31: Building] INFO  o.a.m.s.f.DefaultMavenResourcesFiltering - Copying 1 resource
2023-03-27 09:35:23,562 [Worker-31: Building] INFO  o.a.m.s.f.DefaultMavenResourcesFiltering - Copying 0 resource
2023-03-27 09:35:23,566 [Worker-31: Building] INFO  o.a.m.s.f.DefaultMavenResourcesFiltering - skip non existing resourceDirectory F:\neweepo\neha_brijesh_jaiswal_fw21_0984\unit-6\sprint-4\day-2\you\Problem3\src\test\resources
2023-03-27 09:36:18,720 [Worker-20: Building] INFO  o.a.m.s.f.DefaultMavenResourcesFiltering - Copying 1 resource
2023-03-27 09:36:18,796 [Worker-20: Building] INFO  o.a.m.s.f.DefaultMavenResourcesFiltering - Copying 0 resource
2023-03-27 09:36:18,809 [Worker-20: Building] INFO  o.a.m.s.f.DefaultMavenResourcesFiltering - skip non existing resourceDirectory F:\neweepo\neha_brijesh_jaiswal_fw21_0984\unit-6\sprint-4\day-2\you\Problem3\src\test\resources
